2011/10/27 12:01:19 [error] [exception.CHttpException.404] exception 'CHttpException' with message 'The requested view "index" was not found.' in F:\Tools\php\yii\framework\web\actions\CViewAction.php:110
Stack trace:
#0 F:\Tools\php\yii\framework\web\actions\CViewAction.php(121): CViewAction->resolveView('index')
#1 F:\Tools\php\yii\framework\web\actions\CAction.php(72): CViewAction->run()
#2 F:\Tools\php\yii\framework\web\CController.php(300): CAction->runWithParams(Array)
#3 F:\Tools\php\yii\framework\web\CController.php(278): CController->runAction(Object(CViewAction))
#4 F:\Tools\php\yii\framework\web\CController.php(257): CController->runActionWithFilters(Object(CViewAction), Array)
#5 F:\Tools\php\yii\framework\web\CWebApplication.php(277): CController->run('page')
#6 F:\Tools\php\yii\framework\web\CWebApplication.php(136): CWebApplication->runController('site/page')
#7 F:\Tools\php\yii\framework\base\CApplication.php(158): CWebApplication->processRequest()
#8 F:\wamp\www\taskspage\index.php(13): CApplication->run()
#9 {main} REQUEST_URI=/taskspage/index.php?r=site/page
2011/10/28 10:04:32 [error] [exception.CException] exception 'CException' with message 'User and its behaviors do not have a method or closure named "validatePassword".' in F:\Tools\php\yii\framework\base\CComponent.php:269
Stack trace:
#0 F:\Tools\php\yii\framework\db\ar\CActiveRecord.php(214): CComponent->__call('validatePasswor...', Array)
#1 [internal function]: CActiveRecord->__call('validatePasswor...', Array)
#2 F:\wamp\www\taskspage\protected\components\UserIdentity.php(26): User->validatePassword('demo')
#3 F:\wamp\www\taskspage\protected\models\LoginForm.php(52): UserIdentity->authenticate()
#4 F:\Tools\php\yii\framework\validators\CInlineValidator.php(39): LoginForm->authenticate('password', Array)
#5 F:\Tools\php\yii\framework\validators\CValidator.php(192): CInlineValidator->validateAttribute(Object(LoginForm), 'password')
#6 F:\Tools\php\yii\framework\base\CModel.php(152): CValidator->validate(Object(LoginForm), NULL)
#7 F:\wamp\www\taskspage\protected\controllers\SiteController.php(88): CModel->validate()
#8 F:\Tools\php\yii\framework\web\actions\CInlineAction.php(50): SiteController->actionLogin()
#9 F:\Tools\php\yii\framework\web\CController.php(300): CInlineAction->runWithParams(Array)
#10 F:\Tools\php\yii\framework\web\CController.php(278): CController->runAction(Object(CInlineAction))
#11 F:\Tools\php\yii\framework\web\CController.php(257): CController->runActionWithFilters(Object(CInlineAction), Array)
#12 F:\Tools\php\yii\framework\web\CWebApplication.php(277): CController->run('login')
#13 F:\Tools\php\yii\framework\web\CWebApplication.php(136): CWebApplication->runController('site/login')
#14 F:\Tools\php\yii\framework\base\CApplication.php(158): CWebApplication->processRequest()
#15 F:\wamp\www\taskspage\index.php(13): CApplication->run()
#16 {main} REQUEST_URI=/taskspage/index.php?r=site/login
2011/11/08 11:52:05 [error] [exception.CException] exception 'CException' with message 'Property "User.name" is not defined.' in F:\Tools\php\yii\framework\base\CComponent.php:131
Stack trace:
#0 F:\Tools\php\yii\framework\db\ar\CActiveRecord.php(129): CComponent->__get('name')
#1 F:\wamp\www\taskspage\protected\views\project\_view.php(12): CActiveRecord->__get('name')
#2 F:\Tools\php\yii\framework\web\CBaseController.php(119): require('F:\wamp\www\tas...')
#3 F:\Tools\php\yii\framework\web\CBaseController.php(88): CBaseController->renderInternal('F:\wamp\www\tas...', Array, true)
#4 F:\Tools\php\yii\framework\web\CController.php(866): CBaseController->renderFile('F:\wamp\www\tas...', Array, true)
#5 F:\Tools\php\yii\framework\zii\widgets\CListView.php(242): CController->renderPartial('_view', Array)
#6 F:\Tools\php\yii\framework\zii\widgets\CBaseListView.php(158): CListView->renderItems()
#7 [internal function]: CBaseListView->renderSection(Array)
#8 F:\Tools\php\yii\framework\zii\widgets\CBaseListView.php(141): preg_replace_callback('/{(\w+)}/', Array, '{summary}?{sort...')
#9 F:\Tools\php\yii\framework\zii\widgets\CBaseListView.php(126): CBaseListView->renderContent()
#10 F:\Tools\php\yii\framework\web\CBaseController.php(166): CBaseListView->run()
#11 F:\wamp\www\taskspage\protected\views\project\index.php(17): CBaseController->widget('zii.widgets.CLi...', Array)
#12 F:\Tools\php\yii\framework\web\CBaseController.php(119): require('F:\wamp\www\tas...')
#13 F:\Tools\php\yii\framework\web\CBaseController.php(88): CBaseController->renderInternal('F:\wamp\www\tas...', Array, true)
#14 F:\Tools\php\yii\framework\web\CController.php(866): CBaseController->renderFile('F:\wamp\www\tas...', Array, true)
#15 F:\Tools\php\yii\framework\web\CController.php(779): CController->renderPartial('index', Array, true)
#16 F:\wamp\www\taskspage\protected\controllers\ProjectController.php(133): CController->render('index', Array)
#17 F:\Tools\php\yii\framework\web\actions\CInlineAction.php(50): ProjectController->actionIndex()
#18 F:\Tools\php\yii\framework\web\CController.php(300): CInlineAction->runWithParams(Array)
#19 F:\Tools\php\yii\framework\web\filters\CFilterChain.php(134): CController->runAction(Object(CInlineAction))
#20 F:\Tools\php\yii\framework\web\filters\CFilter.php(41): CFilterChain->run()
#21 F:\Tools\php\yii\framework\web\CController.php(1144): CFilter->filter(Object(CFilterChain))
#22 F:\Tools\php\yii\framework\web\filters\CInlineFilter.php(59): CController->filterAccessControl(Object(CFilterChain))
#23 F:\Tools\php\yii\framework\web\filters\CFilterChain.php(131): CInlineFilter->filter(Object(CFilterChain))
#24 F:\Tools\php\yii\framework\web\CController.php(283): CFilterChain->run()
#25 F:\Tools\php\yii\framework\web\CController.php(257): CController->runActionWithFilters(Object(CInlineAction), Array)
#26 F:\Tools\php\yii\framework\web\CWebApplication.php(277): CController->run('')
#27 F:\Tools\php\yii\framework\web\CWebApplication.php(136): CWebApplication->runController('project')
#28 F:\Tools\php\yii\framework\base\CApplication.php(158): CWebApplication->processRequest()
#29 F:\wamp\www\taskspage\index.php(13): CApplication->run()
#30 {main} REQUEST_URI=/taskspage/index.php?r=project
2011/11/08 11:52:12 [error] [exception.CHttpException.400] exception 'CHttpException' with message 'Your request is invalid.' in F:\Tools\php\yii\framework\web\CController.php:328
Stack trace:
#0 F:\Tools\php\yii\framework\web\CController.php(301): CController->invalidActionParams(Object(CInlineAction))
#1 F:\Tools\php\yii\framework\web\filters\CFilterChain.php(134): CController->runAction(Object(CInlineAction))
#2 F:\Tools\php\yii\framework\web\filters\CFilter.php(41): CFilterChain->run()
#3 F:\Tools\php\yii\framework\web\CController.php(1144): CFilter->filter(Object(CFilterChain))
#4 F:\Tools\php\yii\framework\web\filters\CInlineFilter.php(59): CController->filterAccessControl(Object(CFilterChain))
#5 F:\Tools\php\yii\framework\web\filters\CFilterChain.php(131): CInlineFilter->filter(Object(CFilterChain))
#6 F:\Tools\php\yii\framework\web\CController.php(283): CFilterChain->run()
#7 F:\Tools\php\yii\framework\web\CController.php(257): CController->runActionWithFilters(Object(CInlineAction), Array)
#8 F:\Tools\php\yii\framework\web\CWebApplication.php(277): CController->run('view')
#9 F:\Tools\php\yii\framework\web\CWebApplication.php(136): CWebApplication->runController('project/view')
#10 F:\Tools\php\yii\framework\base\CApplication.php(158): CWebApplication->processRequest()
#11 F:\wamp\www\taskspage\index.php(13): CApplication->run()
#12 {main} REQUEST_URI=/taskspage/index.php?r=project/view
2011/11/08 11:52:20 [error] [exception.CException] exception 'CException' with message 'Property "User.name" is not defined.' in F:\Tools\php\yii\framework\base\CComponent.php:131
Stack trace:
#0 F:\Tools\php\yii\framework\db\ar\CActiveRecord.php(129): CComponent->__get('name')
#1 F:\wamp\www\taskspage\protected\views\project\_view.php(12): CActiveRecord->__get('name')
#2 F:\Tools\php\yii\framework\web\CBaseController.php(119): require('F:\wamp\www\tas...')
#3 F:\Tools\php\yii\framework\web\CBaseController.php(88): CBaseController->renderInternal('F:\wamp\www\tas...', Array, true)
#4 F:\Tools\php\yii\framework\web\CController.php(866): CBaseController->renderFile('F:\wamp\www\tas...', Array, true)
#5 F:\Tools\php\yii\framework\zii\widgets\CListView.php(242): CController->renderPartial('_view', Array)
#6 F:\Tools\php\yii\framework\zii\widgets\CBaseListView.php(158): CListView->renderItems()
#7 [internal function]: CBaseListView->renderSection(Array)
#8 F:\Tools\php\yii\framework\zii\widgets\CBaseListView.php(141): preg_replace_callback('/{(\w+)}/', Array, '{summary}?{sort...')
#9 F:\Tools\php\yii\framework\zii\widgets\CBaseListView.php(126): CBaseListView->renderContent()
#10 F:\Tools\php\yii\framework\web\CBaseController.php(166): CBaseListView->run()
#11 F:\wamp\www\taskspage\protected\views\project\index.php(17): CBaseController->widget('zii.widgets.CLi...', Array)
#12 F:\Tools\php\yii\framework\web\CBaseController.php(119): require('F:\wamp\www\tas...')
#13 F:\Tools\php\yii\framework\web\CBaseController.php(88): CBaseController->renderInternal('F:\wamp\www\tas...', Array, true)
#14 F:\Tools\php\yii\framework\web\CController.php(866): CBaseController->renderFile('F:\wamp\www\tas...', Array, true)
#15 F:\Tools\php\yii\framework\web\CController.php(779): CController->renderPartial('index', Array, true)
#16 F:\wamp\www\taskspage\protected\controllers\ProjectController.php(133): CController->render('index', Array)
#17 F:\Tools\php\yii\framework\web\actions\CInlineAction.php(50): ProjectController->actionIndex()
#18 F:\Tools\php\yii\framework\web\CController.php(300): CInlineAction->runWithParams(Array)
#19 F:\Tools\php\yii\framework\web\filters\CFilterChain.php(134): CController->runAction(Object(CInlineAction))
#20 F:\Tools\php\yii\framework\web\filters\CFilter.php(41): CFilterChain->run()
#21 F:\Tools\php\yii\framework\web\CController.php(1144): CFilter->filter(Object(CFilterChain))
#22 F:\Tools\php\yii\framework\web\filters\CInlineFilter.php(59): CController->filterAccessControl(Object(CFilterChain))
#23 F:\Tools\php\yii\framework\web\filters\CFilterChain.php(131): CInlineFilter->filter(Object(CFilterChain))
#24 F:\Tools\php\yii\framework\web\CController.php(283): CFilterChain->run()
#25 F:\Tools\php\yii\framework\web\CController.php(257): CController->runActionWithFilters(Object(CInlineAction), Array)
#26 F:\Tools\php\yii\framework\web\CWebApplication.php(277): CController->run('')
#27 F:\Tools\php\yii\framework\web\CWebApplication.php(136): CWebApplication->runController('project')
#28 F:\Tools\php\yii\framework\base\CApplication.php(158): CWebApplication->processRequest()
#29 F:\wamp\www\taskspage\index.php(13): CApplication->run()
#30 {main} REQUEST_URI=/taskspage/index.php?r=project
2011/11/08 11:57:25 [error] [exception.CException] exception 'CException' with message 'Property "User.name" is not defined.' in F:\Tools\php\yii\framework\base\CComponent.php:131
Stack trace:
#0 F:\Tools\php\yii\framework\db\ar\CActiveRecord.php(129): CComponent->__get('name')
#1 F:\wamp\www\taskspage\protected\views\project\_view.php(12): CActiveRecord->__get('name')
#2 F:\Tools\php\yii\framework\web\CBaseController.php(119): require('F:\wamp\www\tas...')
#3 F:\Tools\php\yii\framework\web\CBaseController.php(88): CBaseController->renderInternal('F:\wamp\www\tas...', Array, true)
#4 F:\Tools\php\yii\framework\web\CController.php(866): CBaseController->renderFile('F:\wamp\www\tas...', Array, true)
#5 F:\Tools\php\yii\framework\zii\widgets\CListView.php(242): CController->renderPartial('_view', Array)
#6 F:\Tools\php\yii\framework\zii\widgets\CBaseListView.php(158): CListView->renderItems()
#7 [internal function]: CBaseListView->renderSection(Array)
#8 F:\Tools\php\yii\framework\zii\widgets\CBaseListView.php(141): preg_replace_callback('/{(\w+)}/', Array, '{summary}?{sort...')
#9 F:\Tools\php\yii\framework\zii\widgets\CBaseListView.php(126): CBaseListView->renderContent()
#10 F:\Tools\php\yii\framework\web\CBaseController.php(166): CBaseListView->run()
#11 F:\wamp\www\taskspage\protected\views\project\index.php(17): CBaseController->widget('zii.widgets.CLi...', Array)
#12 F:\Tools\php\yii\framework\web\CBaseController.php(119): require('F:\wamp\www\tas...')
#13 F:\Tools\php\yii\framework\web\CBaseController.php(88): CBaseController->renderInternal('F:\wamp\www\tas...', Array, true)
#14 F:\Tools\php\yii\framework\web\CController.php(866): CBaseController->renderFile('F:\wamp\www\tas...', Array, true)
#15 F:\Tools\php\yii\framework\web\CController.php(779): CController->renderPartial('index', Array, true)
#16 F:\wamp\www\taskspage\protected\controllers\ProjectController.php(133): CController->render('index', Array)
#17 F:\Tools\php\yii\framework\web\actions\CInlineAction.php(50): ProjectController->actionIndex()
#18 F:\Tools\php\yii\framework\web\CController.php(300): CInlineAction->runWithParams(Array)
#19 F:\Tools\php\yii\framework\web\filters\CFilterChain.php(134): CController->runAction(Object(CInlineAction))
#20 F:\Tools\php\yii\framework\web\filters\CFilter.php(41): CFilterChain->run()
#21 F:\Tools\php\yii\framework\web\CController.php(1144): CFilter->filter(Object(CFilterChain))
#22 F:\Tools\php\yii\framework\web\filters\CInlineFilter.php(59): CController->filterAccessControl(Object(CFilterChain))
#23 F:\Tools\php\yii\framework\web\filters\CFilterChain.php(131): CInlineFilter->filter(Object(CFilterChain))
#24 F:\Tools\php\yii\framework\web\CController.php(283): CFilterChain->run()
#25 F:\Tools\php\yii\framework\web\CController.php(257): CController->runActionWithFilters(Object(CInlineAction), Array)
#26 F:\Tools\php\yii\framework\web\CWebApplication.php(277): CController->run('')
#27 F:\Tools\php\yii\framework\web\CWebApplication.php(136): CWebApplication->runController('project')
#28 F:\Tools\php\yii\framework\base\CApplication.php(158): CWebApplication->processRequest()
#29 F:\wamp\www\taskspage\index.php(13): CApplication->run()
#30 {main} REQUEST_URI=/taskspage/index.php?r=project
2011/11/08 11:57:28 [error] [exception.CHttpException.400] exception 'CHttpException' with message 'Your request is invalid.' in F:\Tools\php\yii\framework\web\CController.php:328
Stack trace:
#0 F:\Tools\php\yii\framework\web\CController.php(301): CController->invalidActionParams(Object(CInlineAction))
#1 F:\Tools\php\yii\framework\web\filters\CFilterChain.php(134): CController->runAction(Object(CInlineAction))
#2 F:\Tools\php\yii\framework\web\filters\CFilter.php(41): CFilterChain->run()
#3 F:\Tools\php\yii\framework\web\CController.php(1144): CFilter->filter(Object(CFilterChain))
#4 F:\Tools\php\yii\framework\web\filters\CInlineFilter.php(59): CController->filterAccessControl(Object(CFilterChain))
#5 F:\Tools\php\yii\framework\web\filters\CFilterChain.php(131): CInlineFilter->filter(Object(CFilterChain))
#6 F:\Tools\php\yii\framework\web\CController.php(283): CFilterChain->run()
#7 F:\Tools\php\yii\framework\web\CController.php(257): CController->runActionWithFilters(Object(CInlineAction), Array)
#8 F:\Tools\php\yii\framework\web\CWebApplication.php(277): CController->run('view')
#9 F:\Tools\php\yii\framework\web\CWebApplication.php(136): CWebApplication->runController('project/view')
#10 F:\Tools\php\yii\framework\base\CApplication.php(158): CWebApplication->processRequest()
#11 F:\wamp\www\taskspage\index.php(13): CApplication->run()
#12 {main} REQUEST_URI=/taskspage/index.php?r=project/view
2011/11/08 11:57:30 [error] [exception.CException] exception 'CException' with message 'Property "User.name" is not defined.' in F:\Tools\php\yii\framework\base\CComponent.php:131
Stack trace:
#0 F:\Tools\php\yii\framework\db\ar\CActiveRecord.php(129): CComponent->__get('name')
#1 F:\wamp\www\taskspage\protected\views\project\_view.php(12): CActiveRecord->__get('name')
#2 F:\Tools\php\yii\framework\web\CBaseController.php(119): require('F:\wamp\www\tas...')
#3 F:\Tools\php\yii\framework\web\CBaseController.php(88): CBaseController->renderInternal('F:\wamp\www\tas...', Array, true)
#4 F:\Tools\php\yii\framework\web\CController.php(866): CBaseController->renderFile('F:\wamp\www\tas...', Array, true)
#5 F:\Tools\php\yii\framework\zii\widgets\CListView.php(242): CController->renderPartial('_view', Array)
#6 F:\Tools\php\yii\framework\zii\widgets\CBaseListView.php(158): CListView->renderItems()
#7 [internal function]: CBaseListView->renderSection(Array)
#8 F:\Tools\php\yii\framework\zii\widgets\CBaseListView.php(141): preg_replace_callback('/{(\w+)}/', Array, '{summary}?{sort...')
#9 F:\Tools\php\yii\framework\zii\widgets\CBaseListView.php(126): CBaseListView->renderContent()
#10 F:\Tools\php\yii\framework\web\CBaseController.php(166): CBaseListView->run()
#11 F:\wamp\www\taskspage\protected\views\project\index.php(17): CBaseController->widget('zii.widgets.CLi...', Array)
#12 F:\Tools\php\yii\framework\web\CBaseController.php(119): require('F:\wamp\www\tas...')
#13 F:\Tools\php\yii\framework\web\CBaseController.php(88): CBaseController->renderInternal('F:\wamp\www\tas...', Array, true)
#14 F:\Tools\php\yii\framework\web\CController.php(866): CBaseController->renderFile('F:\wamp\www\tas...', Array, true)
#15 F:\Tools\php\yii\framework\web\CController.php(779): CController->renderPartial('index', Array, true)
#16 F:\wamp\www\taskspage\protected\controllers\ProjectController.php(133): CController->render('index', Array)
#17 F:\Tools\php\yii\framework\web\actions\CInlineAction.php(50): ProjectController->actionIndex()
#18 F:\Tools\php\yii\framework\web\CController.php(300): CInlineAction->runWithParams(Array)
#19 F:\Tools\php\yii\framework\web\filters\CFilterChain.php(134): CController->runAction(Object(CInlineAction))
#20 F:\Tools\php\yii\framework\web\filters\CFilter.php(41): CFilterChain->run()
#21 F:\Tools\php\yii\framework\web\CController.php(1144): CFilter->filter(Object(CFilterChain))
#22 F:\Tools\php\yii\framework\web\filters\CInlineFilter.php(59): CController->filterAccessControl(Object(CFilterChain))
#23 F:\Tools\php\yii\framework\web\filters\CFilterChain.php(131): CInlineFilter->filter(Object(CFilterChain))
#24 F:\Tools\php\yii\framework\web\CController.php(283): CFilterChain->run()
#25 F:\Tools\php\yii\framework\web\CController.php(257): CController->runActionWithFilters(Object(CInlineAction), Array)
#26 F:\Tools\php\yii\framework\web\CWebApplication.php(277): CController->run('')
#27 F:\Tools\php\yii\framework\web\CWebApplication.php(136): CWebApplication->runController('project')
#28 F:\Tools\php\yii\framework\base\CApplication.php(158): CWebApplication->processRequest()
#29 F:\wamp\www\taskspage\index.php(13): CApplication->run()
#30 {main} REQUEST_URI=/taskspage/index.php?r=project
2011/11/08 11:57:57 [error] [exception.CHttpException.404] exception 'CHttpException' with message 'The system is unable to find the requested action "list".' in F:\Tools\php\yii\framework\web\CController.php:477
Stack trace:
#0 F:\Tools\php\yii\framework\web\CController.php(262): CController->missingAction('list')
#1 F:\Tools\php\yii\framework\web\CWebApplication.php(277): CController->run('list')
#2 F:\Tools\php\yii\framework\web\CWebApplication.php(136): CWebApplication->runController('project/list')
#3 F:\Tools\php\yii\framework\base\CApplication.php(158): CWebApplication->processRequest()
#4 F:\wamp\www\taskspage\index.php(13): CApplication->run()
#5 {main} REQUEST_URI=/taskspage/index.php?r=project/list
2011/11/08 11:58:42 [error] [php] htmlspecialchars() expects parameter 1 to be string, object given (F:\Tools\php\yii\framework\web\helpers\CHtml.php:66)
Stack trace:
#0 F:\Tools\php\yii\framework\utils\CFormatter.php(102): CFormatter->formatText()
#1 F:\Tools\php\yii\framework\zii\widgets\CDetailView.php(212): CFormatter->format()
#2 F:\Tools\php\yii\framework\web\CBaseController.php(166): CDetailView->run()
#3 F:\wamp\www\taskspage\protected\views\project\view.php(30): ProjectController->widget()
#4 F:\Tools\php\yii\framework\web\CBaseController.php(119): require()
#5 F:\Tools\php\yii\framework\web\CBaseController.php(88): ProjectController->renderInternal()
#6 F:\Tools\php\yii\framework\web\CController.php(866): ProjectController->renderFile()
#7 F:\Tools\php\yii\framework\web\CController.php(779): ProjectController->renderPartial()
#8 F:\wamp\www\taskspage\protected\controllers\ProjectController.php(55): ProjectController->render()
#9 unknown(0): ProjectController->actionView()
#10 F:\Tools\php\yii\framework\web\actions\CAction.php(104): ReflectionMethod->invokeArgs()
#11 F:\Tools\php\yii\framework\web\actions\CInlineAction.php(48): CInlineAction->runWithParamsInternal()
#12 F:\Tools\php\yii\framework\web\CController.php(300): CInlineAction->runWithParams()
#13 F:\Tools\php\yii\framework\web\filters\CFilterChain.php(134): ProjectController->runAction()
#14 F:\Tools\php\yii\framework\web\filters\CFilter.php(41): CFilterChain->run()
#15 F:\Tools\php\yii\framework\web\CController.php(1144): CAccessControlFilter->filter()
#16 F:\Tools\php\yii\framework\web\filters\CInlineFilter.php(59): ProjectController->filterAccessControl()
#17 F:\Tools\php\yii\framework\web\filters\CFilterChain.php(131): CInlineFilter->filter()
#18 F:\Tools\php\yii\framework\web\CController.php(283): CFilterChain->run()
#19 F:\Tools\php\yii\framework\web\CController.php(257): ProjectController->runActionWithFilters()
#20 F:\Tools\php\yii\framework\web\CWebApplication.php(277): ProjectController->run()
#21 F:\Tools\php\yii\framework\web\CWebApplication.php(136): CWebApplication->runController()
#22 F:\Tools\php\yii\framework\base\CApplication.php(158): CWebApplication->processRequest()
#23 F:\wamp\www\taskspage\index.php(13): CWebApplication->run()
REQUEST_URI=/taskspage/index.php?r=project/view&id=1
in F:\wamp\www\taskspage\protected\views\project\view.php (30)
in F:\wamp\www\taskspage\protected\controllers\ProjectController.php (55)
in F:\wamp\www\taskspage\index.php (13)
2011/11/08 11:58:48 [error] [php] htmlspecialchars() expects parameter 1 to be string, object given (F:\Tools\php\yii\framework\web\helpers\CHtml.php:66)
Stack trace:
#0 F:\Tools\php\yii\framework\utils\CFormatter.php(102): CFormatter->formatText()
#1 F:\Tools\php\yii\framework\zii\widgets\CDetailView.php(212): CFormatter->format()
#2 F:\Tools\php\yii\framework\web\CBaseController.php(166): CDetailView->run()
#3 F:\wamp\www\taskspage\protected\views\project\view.php(30): ProjectController->widget()
#4 F:\Tools\php\yii\framework\web\CBaseController.php(119): require()
#5 F:\Tools\php\yii\framework\web\CBaseController.php(88): ProjectController->renderInternal()
#6 F:\Tools\php\yii\framework\web\CController.php(866): ProjectController->renderFile()
#7 F:\Tools\php\yii\framework\web\CController.php(779): ProjectController->renderPartial()
#8 F:\wamp\www\taskspage\protected\controllers\ProjectController.php(55): ProjectController->render()
#9 unknown(0): ProjectController->actionView()
#10 F:\Tools\php\yii\framework\web\actions\CAction.php(104): ReflectionMethod->invokeArgs()
#11 F:\Tools\php\yii\framework\web\actions\CInlineAction.php(48): CInlineAction->runWithParamsInternal()
#12 F:\Tools\php\yii\framework\web\CController.php(300): CInlineAction->runWithParams()
#13 F:\Tools\php\yii\framework\web\filters\CFilterChain.php(134): ProjectController->runAction()
#14 F:\Tools\php\yii\framework\web\filters\CFilter.php(41): CFilterChain->run()
#15 F:\Tools\php\yii\framework\web\CController.php(1144): CAccessControlFilter->filter()
#16 F:\Tools\php\yii\framework\web\filters\CInlineFilter.php(59): ProjectController->filterAccessControl()
#17 F:\Tools\php\yii\framework\web\filters\CFilterChain.php(131): CInlineFilter->filter()
#18 F:\Tools\php\yii\framework\web\CController.php(283): CFilterChain->run()
#19 F:\Tools\php\yii\framework\web\CController.php(257): ProjectController->runActionWithFilters()
#20 F:\Tools\php\yii\framework\web\CWebApplication.php(277): ProjectController->run()
#21 F:\Tools\php\yii\framework\web\CWebApplication.php(136): CWebApplication->runController()
#22 F:\Tools\php\yii\framework\base\CApplication.php(158): CWebApplication->processRequest()
#23 F:\wamp\www\taskspage\index.php(13): CWebApplication->run()
REQUEST_URI=/taskspage/index.php?r=project/view&id=1
in F:\wamp\www\taskspage\protected\views\project\view.php (30)
in F:\wamp\www\taskspage\protected\controllers\ProjectController.php (55)
in F:\wamp\www\taskspage\index.php (13)
2011/11/08 14:47:35 [error] [php] htmlspecialchars() expects parameter 1 to be string, object given (F:\Tools\php\yii\framework\web\helpers\CHtml.php:66)
Stack trace:
#0 F:\Tools\php\yii\framework\utils\CFormatter.php(102): CFormatter->formatText()
#1 F:\Tools\php\yii\framework\zii\widgets\CDetailView.php(212): CFormatter->format()
#2 F:\Tools\php\yii\framework\web\CBaseController.php(166): CDetailView->run()
#3 F:\wamp\www\taskspage\protected\views\project\view.php(30): ProjectController->widget()
#4 F:\Tools\php\yii\framework\web\CBaseController.php(119): require()
#5 F:\Tools\php\yii\framework\web\CBaseController.php(88): ProjectController->renderInternal()
#6 F:\Tools\php\yii\framework\web\CController.php(866): ProjectController->renderFile()
#7 F:\Tools\php\yii\framework\web\CController.php(779): ProjectController->renderPartial()
#8 F:\wamp\www\taskspage\protected\controllers\ProjectController.php(55): ProjectController->render()
#9 unknown(0): ProjectController->actionView()
#10 F:\Tools\php\yii\framework\web\actions\CAction.php(104): ReflectionMethod->invokeArgs()
#11 F:\Tools\php\yii\framework\web\actions\CInlineAction.php(48): CInlineAction->runWithParamsInternal()
#12 F:\Tools\php\yii\framework\web\CController.php(300): CInlineAction->runWithParams()
#13 F:\Tools\php\yii\framework\web\filters\CFilterChain.php(134): ProjectController->runAction()
#14 F:\Tools\php\yii\framework\web\filters\CFilter.php(41): CFilterChain->run()
#15 F:\Tools\php\yii\framework\web\CController.php(1144): CAccessControlFilter->filter()
#16 F:\Tools\php\yii\framework\web\filters\CInlineFilter.php(59): ProjectController->filterAccessControl()
#17 F:\Tools\php\yii\framework\web\filters\CFilterChain.php(131): CInlineFilter->filter()
#18 F:\Tools\php\yii\framework\web\CController.php(283): CFilterChain->run()
#19 F:\Tools\php\yii\framework\web\CController.php(257): ProjectController->runActionWithFilters()
#20 F:\Tools\php\yii\framework\web\CWebApplication.php(277): ProjectController->run()
#21 F:\Tools\php\yii\framework\web\CWebApplication.php(136): CWebApplication->runController()
#22 F:\Tools\php\yii\framework\base\CApplication.php(158): CWebApplication->processRequest()
#23 F:\wamp\www\taskspage\index.php(13): CWebApplication->run()
REQUEST_URI=/taskspage/index.php?r=project/view&id=1
in F:\wamp\www\taskspage\protected\views\project\view.php (30)
in F:\wamp\www\taskspage\protected\controllers\ProjectController.php (55)
in F:\wamp\www\taskspage\index.php (13)
2011/11/10 16:30:17 [error] [exception.CException] exception 'CException' with message 'Property "CWebUser.username" is not defined.' in F:\Tools\php\yii\framework\base\CComponent.php:131
Stack trace:
#0 F:\Tools\php\yii\framework\web\auth\CWebUser.php(124): CComponent->__get('username')
#1 F:\wamp\www\taskspage\themes\blues\views\layouts\main.php(27): CWebUser->__get('username')
#2 F:\Tools\php\yii\framework\web\CBaseController.php(119): require('F:\wamp\www\tas...')
#3 F:\Tools\php\yii\framework\web\CBaseController.php(88): CBaseController->renderInternal('F:\wamp\www\tas...', Array, true)
#4 F:\Tools\php\yii\framework\web\widgets\CContentDecorator.php(78): CBaseController->renderFile('F:\wamp\www\tas...', Array, true)
#5 F:\Tools\php\yii\framework\web\widgets\CContentDecorator.php(56): CContentDecorator->decorate('<div class="con...')
#6 F:\Tools\php\yii\framework\web\widgets\COutputProcessor.php(45): CContentDecorator->processOutput('<div class="con...')
#7 F:\Tools\php\yii\framework\web\CBaseController.php(199): COutputProcessor->run()
#8 F:\Tools\php\yii\framework\web\CBaseController.php(294): CBaseController->endWidget('CContentDecorat...')
#9 F:\wamp\www\taskspage\themes\blues\views\layouts\column1.php(7): CBaseController->endContent()
#10 F:\Tools\php\yii\framework\web\CBaseController.php(119): require('F:\wamp\www\tas...')
#11 F:\Tools\php\yii\framework\web\CBaseController.php(88): CBaseController->renderInternal('F:\wamp\www\tas...', Array, true)
#12 F:\Tools\php\yii\framework\web\CController.php(781): CBaseController->renderFile('F:\wamp\www\tas...', Array, true)
#13 F:\wamp\www\taskspage\protected\controllers\SiteController.php(32): CController->render('index')
#14 F:\Tools\php\yii\framework\web\actions\CInlineAction.php(50): SiteController->actionIndex()
#15 F:\Tools\php\yii\framework\web\CController.php(300): CInlineAction->runWithParams(Array)
#16 F:\Tools\php\yii\framework\web\CController.php(278): CController->runAction(Object(CInlineAction))
#17 F:\Tools\php\yii\framework\web\CController.php(257): CController->runActionWithFilters(Object(CInlineAction), Array)
#18 F:\Tools\php\yii\framework\web\CWebApplication.php(277): CController->run('index')
#19 F:\Tools\php\yii\framework\web\CWebApplication.php(136): CWebApplication->runController('site/index')
#20 F:\Tools\php\yii\framework\base\CApplication.php(158): CWebApplication->processRequest()
#21 F:\wamp\www\taskspage\index.php(13): CApplication->run()
#22 {main} REQUEST_URI=/taskspage/index.php?r=site/index
2011/11/14 16:51:19 [error] [exception.CException] exception 'CException' with message 'CWebApplication and its behaviors do not have a method or closure named "getClentScript".' in F:\Tools\php\yii\framework\base\CComponent.php:269
Stack trace:
#0 [internal function]: CComponent->__call('getClentScript', Array)
#1 F:\wamp\www\taskspage\themes\blues\views\site\index.php(2): CWebApplication->getClentScript()
#2 F:\Tools\php\yii\framework\web\CBaseController.php(119): require('F:\wamp\www\tas...')
#3 F:\Tools\php\yii\framework\web\CBaseController.php(88): CBaseController->renderInternal('F:\wamp\www\tas...', NULL, true)
#4 F:\Tools\php\yii\framework\web\CController.php(866): CBaseController->renderFile('F:\wamp\www\tas...', NULL, true)
#5 F:\Tools\php\yii\framework\web\CController.php(779): CController->renderPartial('index', NULL, true)
#6 F:\wamp\www\taskspage\protected\controllers\SiteController.php(32): CController->render('index')
#7 F:\Tools\php\yii\framework\web\actions\CInlineAction.php(50): SiteController->actionIndex()
#8 F:\Tools\php\yii\framework\web\CController.php(300): CInlineAction->runWithParams(Array)
#9 F:\Tools\php\yii\framework\web\CController.php(278): CController->runAction(Object(CInlineAction))
#10 F:\Tools\php\yii\framework\web\CController.php(257): CController->runActionWithFilters(Object(CInlineAction), Array)
#11 F:\Tools\php\yii\framework\web\CWebApplication.php(277): CController->run('index')
#12 F:\Tools\php\yii\framework\web\CWebApplication.php(136): CWebApplication->runController('site/index')
#13 F:\Tools\php\yii\framework\base\CApplication.php(158): CWebApplication->processRequest()
#14 F:\wamp\www\taskspage\index.php(13): CApplication->run()
#15 {main} REQUEST_URI=/taskspage/index.php?r=site/index
2011/11/14 17:07:50 [error] [exception.CException] exception 'CException' with message 'The asset "F:\wamp\www\taskspage\protected/components/taskspage.js" to be published does not exist.' in F:\Tools\php\yii\framework\web\CAssetManager.php:227
Stack trace:
#0 F:\wamp\www\taskspage\themes\blues\views\site\index.php(2): CAssetManager->publish('F:\wamp\www\tas...')
#1 F:\Tools\php\yii\framework\web\CBaseController.php(119): require('F:\wamp\www\tas...')
#2 F:\Tools\php\yii\framework\web\CBaseController.php(88): CBaseController->renderInternal('F:\wamp\www\tas...', NULL, true)
#3 F:\Tools\php\yii\framework\web\CController.php(866): CBaseController->renderFile('F:\wamp\www\tas...', NULL, true)
#4 F:\Tools\php\yii\framework\web\CController.php(779): CController->renderPartial('index', NULL, true)
#5 F:\wamp\www\taskspage\protected\controllers\SiteController.php(32): CController->render('index')
#6 F:\Tools\php\yii\framework\web\actions\CInlineAction.php(50): SiteController->actionIndex()
#7 F:\Tools\php\yii\framework\web\CController.php(300): CInlineAction->runWithParams(Array)
#8 F:\Tools\php\yii\framework\web\CController.php(278): CController->runAction(Object(CInlineAction))
#9 F:\Tools\php\yii\framework\web\CController.php(257): CController->runActionWithFilters(Object(CInlineAction), Array)
#10 F:\Tools\php\yii\framework\web\CWebApplication.php(277): CController->run('index')
#11 F:\Tools\php\yii\framework\web\CWebApplication.php(136): CWebApplication->runController('site/index')
#12 F:\Tools\php\yii\framework\base\CApplication.php(158): CWebApplication->processRequest()
#13 F:\wamp\www\taskspage\index.php(13): CApplication->run()
#14 {main} REQUEST_URI=/taskspage/index.php?r=site/index
2011/11/15 13:12:19 [error] [exception.CException] exception 'CException' with message 'Property "CActiveForm.ajaxValidation" is not defined.' in F:\Tools\php\yii\framework\base\CComponent.php:174
Stack trace:
#0 F:\Tools\php\yii\framework\web\CWidgetFactory.php(162): CComponent->__set('ajaxValidation', true)
#1 F:\Tools\php\yii\framework\web\CBaseController.php(139): CWidgetFactory->createWidget(Object(ProjectList), 'CActiveForm', Array)
#2 F:\Tools\php\yii\framework\web\CBaseController.php(182): CBaseController->createWidget('CActiveForm', Array)
#3 F:\wamp\www\taskspage\protected\components\views\ProjectList.php(7): CBaseController->beginWidget('CActiveForm', Array)
#4 F:\Tools\php\yii\framework\web\CBaseController.php(123): require('F:\wamp\www\tas...')
#5 F:\Tools\php\yii\framework\web\CBaseController.php(88): CBaseController->renderInternal('F:\wamp\www\tas...', Array, false)
#6 F:\Tools\php\yii\framework\web\widgets\CWidget.php(242): CBaseController->renderFile('F:\wamp\www\tas...', Array, false)
#7 F:\wamp\www\taskspage\protected\components\ProjectList.php(17): CWidget->render('projectList', Array)
#8 F:\Tools\php\yii\framework\zii\widgets\CPortlet.php(95): ProjectList->renderContent()
#9 F:\Tools\php\yii\framework\web\CBaseController.php(166): CPortlet->run()
#10 F:\wamp\www\taskspage\themes\smoke\views\layouts\column2.php(15): CBaseController->widget('projectList')
#11 F:\Tools\php\yii\framework\web\CBaseController.php(119): require('F:\wamp\www\tas...')
#12 F:\Tools\php\yii\framework\web\CBaseController.php(88): CBaseController->renderInternal('F:\wamp\www\tas...', Array, true)
#13 F:\Tools\php\yii\framework\web\CController.php(781): CBaseController->renderFile('F:\wamp\www\tas...', Array, true)
#14 F:\wamp\www\taskspage\protected\controllers\SiteController.php(38): CController->render('index')
#15 F:\Tools\php\yii\framework\web\actions\CInlineAction.php(50): SiteController->actionIndex()
#16 F:\Tools\php\yii\framework\web\CController.php(300): CInlineAction->runWithParams(Array)
#17 F:\Tools\php\yii\framework\web\CController.php(278): CController->runAction(Object(CInlineAction))
#18 F:\Tools\php\yii\framework\web\CController.php(257): CController->runActionWithFilters(Object(CInlineAction), Array)
#19 F:\Tools\php\yii\framework\web\CWebApplication.php(277): CController->run('')
#20 F:\Tools\php\yii\framework\web\CWebApplication.php(136): CWebApplication->runController('')
#21 F:\Tools\php\yii\framework\base\CApplication.php(158): CWebApplication->processRequest()
#22 F:\wamp\www\taskspage\index.php(13): CApplication->run()
#23 {main} REQUEST_URI=/taskspage/index.php
2011/11/15 15:47:59 [error] [system.db.CDbCommand] CDbCommand::execute() failed: SQLSTATE[23000]: Integrity constraint violation: 19 tp_task.project may not be NULL. The SQL statement executed was: INSERT INTO 'tp_task' ("status", "name", "owner") VALUES (:yp0, :yp1, :yp2).
in F:\wamp\www\taskspage\protected\controllers\TaskController.php (72)
in F:\wamp\www\taskspage\index.php (13)
2011/11/15 15:47:59 [error] [exception.CDbException] exception 'CDbException' with message 'CDbCommand failed to execute the SQL statement: SQLSTATE[23000]: Integrity constraint violation: 19 tp_task.project may not be NULL. The SQL statement executed was: INSERT INTO 'tp_task' ("status", "name", "owner") VALUES (:yp0, :yp1, :yp2)' in F:\Tools\php\yii\framework\db\CDbCommand.php:336
Stack trace:
#0 F:\Tools\php\yii\framework\db\ar\CActiveRecord.php(1017): CDbCommand->execute()
#1 F:\Tools\php\yii\framework\db\ar\CActiveRecord.php(781): CActiveRecord->insert(NULL)
#2 F:\wamp\www\taskspage\protected\controllers\TaskController.php(72): CActiveRecord->save()
#3 F:\Tools\php\yii\framework\web\actions\CInlineAction.php(50): TaskController->actionCreate()
#4 F:\Tools\php\yii\framework\web\CController.php(300): CInlineAction->runWithParams(Array)
#5 F:\Tools\php\yii\framework\web\filters\CFilterChain.php(134): CController->runAction(Object(CInlineAction))
#6 F:\Tools\php\yii\framework\web\filters\CFilter.php(41): CFilterChain->run()
#7 F:\Tools\php\yii\framework\web\CController.php(1144): CFilter->filter(Object(CFilterChain))
#8 F:\Tools\php\yii\framework\web\filters\CInlineFilter.php(59): CController->filterAccessControl(Object(CFilterChain))
#9 F:\Tools\php\yii\framework\web\filters\CFilterChain.php(131): CInlineFilter->filter(Object(CFilterChain))
#10 F:\Tools\php\yii\framework\web\CController.php(283): CFilterChain->run()
#11 F:\Tools\php\yii\framework\web\CController.php(257): CController->runActionWithFilters(Object(CInlineAction), Array)
#12 F:\Tools\php\yii\framework\web\CWebApplication.php(277): CController->run('create')
#13 F:\Tools\php\yii\framework\web\CWebApplication.php(136): CWebApplication->runController('task/create')
#14 F:\Tools\php\yii\framework\base\CApplication.php(158): CWebApplication->processRequest()
#15 F:\wamp\www\taskspage\index.php(13): CApplication->run()
#16 {main} REQUEST_URI=/taskspage/index.php?r=task/create
2011/11/15 15:47:59 [error] [system.db.CDbCommand] CDbCommand::execute() failed: SQLSTATE[23000]: Integrity constraint violation: 19 tp_task.project may not be NULL. The SQL statement executed was: INSERT INTO 'tp_task' ("status", "name", "owner") VALUES (:yp0, :yp1, :yp2).
in F:\wamp\www\taskspage\protected\controllers\TaskController.php (72)
in F:\wamp\www\taskspage\index.php (13)
2011/11/15 15:47:59 [error] [exception.CDbException] exception 'CDbException' with message 'CDbCommand failed to execute the SQL statement: SQLSTATE[23000]: Integrity constraint violation: 19 tp_task.project may not be NULL. The SQL statement executed was: INSERT INTO 'tp_task' ("status", "name", "owner") VALUES (:yp0, :yp1, :yp2)' in F:\Tools\php\yii\framework\db\CDbCommand.php:336
Stack trace:
#0 F:\Tools\php\yii\framework\db\ar\CActiveRecord.php(1017): CDbCommand->execute()
#1 F:\Tools\php\yii\framework\db\ar\CActiveRecord.php(781): CActiveRecord->insert(NULL)
#2 F:\wamp\www\taskspage\protected\controllers\TaskController.php(72): CActiveRecord->save()
#3 F:\Tools\php\yii\framework\web\actions\CInlineAction.php(50): TaskController->actionCreate()
#4 F:\Tools\php\yii\framework\web\CController.php(300): CInlineAction->runWithParams(Array)
#5 F:\Tools\php\yii\framework\web\filters\CFilterChain.php(134): CController->runAction(Object(CInlineAction))
#6 F:\Tools\php\yii\framework\web\filters\CFilter.php(41): CFilterChain->run()
#7 F:\Tools\php\yii\framework\web\CController.php(1144): CFilter->filter(Object(CFilterChain))
#8 F:\Tools\php\yii\framework\web\filters\CInlineFilter.php(59): CController->filterAccessControl(Object(CFilterChain))
#9 F:\Tools\php\yii\framework\web\filters\CFilterChain.php(131): CInlineFilter->filter(Object(CFilterChain))
#10 F:\Tools\php\yii\framework\web\CController.php(283): CFilterChain->run()
#11 F:\Tools\php\yii\framework\web\CController.php(257): CController->runActionWithFilters(Object(CInlineAction), Array)
#12 F:\Tools\php\yii\framework\web\CWebApplication.php(277): CController->run('create')
#13 F:\Tools\php\yii\framework\web\CWebApplication.php(136): CWebApplication->runController('task/create')
#14 F:\Tools\php\yii\framework\base\CApplication.php(158): CWebApplication->processRequest()
#15 F:\wamp\www\taskspage\index.php(13): CApplication->run()
#16 {main} REQUEST_URI=/taskspage/index.php?r=task/create
2011/11/15 15:52:29 [error] [exception.CException] exception 'CException' with message 'CActiveForm and its behaviors do not have a method or closure named "hidden".' in F:\Tools\php\yii\framework\base\CComponent.php:269
Stack trace:
#0 [internal function]: CComponent->__call('hidden', Array)
#1 F:\wamp\www\taskspage\themes\smoke\views\site\index.php(34): CActiveForm->hidden(Object(Task), 'project', Array)
#2 F:\Tools\php\yii\framework\web\CBaseController.php(119): require('F:\wamp\www\tas...')
#3 F:\Tools\php\yii\framework\web\CBaseController.php(88): CBaseController->renderInternal('F:\wamp\www\tas...', Array, true)
#4 F:\Tools\php\yii\framework\web\CController.php(866): CBaseController->renderFile('F:\wamp\www\tas...', Array, true)
#5 F:\Tools\php\yii\framework\web\CController.php(779): CController->renderPartial('index', Array, true)
#6 F:\wamp\www\taskspage\protected\controllers\SiteController.php(41): CController->render('index', Array)
#7 F:\Tools\php\yii\framework\web\actions\CInlineAction.php(50): SiteController->actionIndex()
#8 F:\Tools\php\yii\framework\web\CController.php(300): CInlineAction->runWithParams(Array)
#9 F:\Tools\php\yii\framework\web\CController.php(278): CController->runAction(Object(CInlineAction))
#10 F:\Tools\php\yii\framework\web\CController.php(257): CController->runActionWithFilters(Object(CInlineAction), Array)
#11 F:\Tools\php\yii\framework\web\CWebApplication.php(277): CController->run('')
#12 F:\Tools\php\yii\framework\web\CWebApplication.php(136): CWebApplication->runController('')
#13 F:\Tools\php\yii\framework\base\CApplication.php(158): CWebApplication->processRequest()
#14 F:\wamp\www\taskspage\index.php(13): CApplication->run()
#15 {main} REQUEST_URI=/taskspage/index.php
2011/11/15 17:31:31 [error] [exception.CException] exception 'CException' with message 'The asset "F:\wamp\www\taskspage\protected../js/lib/jquery/plugins/jquery.ui.nestedSortable.js" to be published does not exist.' in F:\Tools\php\yii\framework\web\CAssetManager.php:227
Stack trace:
#0 F:\wamp\www\taskspage\themes\smoke\views\site\index.php(3): CAssetManager->publish('F:\wamp\www\tas...')
#1 F:\Tools\php\yii\framework\web\CBaseController.php(119): require('F:\wamp\www\tas...')
#2 F:\Tools\php\yii\framework\web\CBaseController.php(88): CBaseController->renderInternal('F:\wamp\www\tas...', Array, true)
#3 F:\Tools\php\yii\framework\web\CController.php(866): CBaseController->renderFile('F:\wamp\www\tas...', Array, true)
#4 F:\Tools\php\yii\framework\web\CController.php(779): CController->renderPartial('index', Array, true)
#5 F:\wamp\www\taskspage\protected\controllers\SiteController.php(41): CController->render('index', Array)
#6 F:\Tools\php\yii\framework\web\actions\CInlineAction.php(50): SiteController->actionIndex()
#7 F:\Tools\php\yii\framework\web\CController.php(300): CInlineAction->runWithParams(Array)
#8 F:\Tools\php\yii\framework\web\CController.php(278): CController->runAction(Object(CInlineAction))
#9 F:\Tools\php\yii\framework\web\CController.php(257): CController->runActionWithFilters(Object(CInlineAction), Array)
#10 F:\Tools\php\yii\framework\web\CWebApplication.php(277): CController->run('index')
#11 F:\Tools\php\yii\framework\web\CWebApplication.php(136): CWebApplication->runController('site/index')
#12 F:\Tools\php\yii\framework\base\CApplication.php(158): CWebApplication->processRequest()
#13 F:\wamp\www\taskspage\index.php(13): CApplication->run()
#14 {main} REQUEST_URI=/taskspage/index.php?r=site/index
